25-07-2024 - 10:23:20: INFO: ------------------------------SETUP------------------------------
25-07-2024 - 10:23:21: INFO: ------------------------------SETUP------------------------------
25-07-2024 - 10:23:21: INFO: ------------------------------SETUP------------------------------
25-07-2024 - 10:23:21: INFO: ------------------------------SETUP------------------------------
25-07-2024 - 10:23:21: INFO: ------------------------------SETUP------------------------------
25-07-2024 - 10:23:21: INFO: ------------------------------SETUP------------------------------
25-07-2024 - 10:23:21: INFO: ------------------------------SETUP------------------------------
25-07-2024 - 10:23:21: INFO: ------------------------------SETUP------------------------------
25-07-2024 - 10:23:21: INFO: ------------------------------SETUP------------------------------
25-07-2024 - 10:23:21: INFO: ------------------------------SETUP------------------------------
25-07-2024 - 10:29:47: INFO: ------------------------------SETUP------------------------------
25-07-2024 - 10:32:04: INFO: ------------------------------SETUP------------------------------
25-07-2024 - 10:34:23: INFO: ------------------------------SETUP------------------------------
25-07-2024 - 10:42:37: INFO: ------------------------------SETUP------------------------------
25-07-2024 - 10:42:56: INFO: ----------TESTING add asset to cart and verify presence STARTED----------
25-07-2024 - 10:42:56: INFO: Logged in with email: zedanzedanzezob@gmail.com
25-07-2024 - 10:42:58: INFO: Clicked on asset at index 2
25-07-2024 - 10:43:00: INFO: Click on Add to cart icon
25-07-2024 - 10:43:02: INFO: View cart
25-07-2024 - 10:43:02: INFO: --------------------------TEST COMPLETED---------------------------


25-07-2024 - 10:43:03: INFO: ------------------------------SETUP------------------------------
25-07-2024 - 10:43:22: INFO: Clicked on the 'Free Assets' button
25-07-2024 - 10:43:29: INFO: Clicked on asset at index 16
25-07-2024 - 10:43:30: INFO: ----------TESTING add asset to 'My Assets' successfully STARTED----------
25-07-2024 - 10:43:30: INFO: Logged in with email: zedanzedanzezob@gmail.com
25-07-2024 - 10:43:32: INFO: Clicked on the 'Add to My Assets' button
25-07-2024 - 10:43:43: INFO: ------------------------------SETUP------------------------------
25-07-2024 - 10:43:54: INFO: ----------TESTING if a category name exists in the asset's path STARTED----------
25-07-2024 - 10:43:54: INFO: Logged in with email: zedanzedanzezob@gmail.com
25-07-2024 - 10:44:05: INFO: ------------------------------SETUP------------------------------
25-07-2024 - 10:44:25: INFO: ----------TESTING assets count change after dropdown selection STARTED----------
25-07-2024 - 10:44:25: INFO: Logged in with email: zedanzedanzezob@gmail.com
25-07-2024 - 10:44:25: INFO: ------------------------------SETUP------------------------------
25-07-2024 - 10:44:46: INFO: ----------TESTING assets count match chosen option from dropdown STARTED----------
25-07-2024 - 10:44:46: INFO: Logged in with email: zedanzedanzezob@gmail.com
25-07-2024 - 10:44:46: INFO: ------------------------------SETUP------------------------------
25-07-2024 - 10:44:50: INFO: ------------------------------SETUP------------------------------
25-07-2024 - 10:44:51: INFO: ------------------------------SETUP------------------------------
25-07-2024 - 10:44:52: INFO: ----------TESTING login with valid credentials STARTED----------
25-07-2024 - 10:44:52: INFO: ------------------------------SETUP------------------------------
25-07-2024 - 10:44:53: INFO: ----------TESTING login with invalid credentials STARTED----------
25-07-2024 - 10:44:53: INFO: ------------------------------SETUP------------------------------
25-07-2024 - 13:08:38: INFO: ------------------------------SETUP------------------------------
25-07-2024 - 13:09:00: INFO: ------------------------------SETUP------------------------------
25-07-2024 - 13:09:21: INFO: Clicked on the 'Free Assets' button
25-07-2024 - 13:09:27: INFO: Clicked on asset at index 16
25-07-2024 - 13:09:27: INFO: ----------TESTING add asset to 'My Assets' successfully STARTED----------
25-07-2024 - 13:09:27: INFO: Logged in with email: zedanzedanzezob@gmail.com
25-07-2024 - 13:09:30: INFO: Clicked on the 'Add to My Assets' button
25-07-2024 - 13:09:40: INFO: ------------------------------SETUP------------------------------
25-07-2024 - 13:09:56: INFO: ------------------------------SETUP------------------------------
25-07-2024 - 13:09:57: INFO: ------------------------------SETUP------------------------------
25-07-2024 - 13:09:58: INFO: ------------------------------SETUP------------------------------
25-07-2024 - 13:09:59: INFO: ------------------------------SETUP------------------------------
25-07-2024 - 13:10:00: INFO: ------------------------------SETUP------------------------------
25-07-2024 - 13:10:00: INFO: ------------------------------SETUP------------------------------
25-07-2024 - 13:10:01: INFO: ------------------------------SETUP------------------------------
26-07-2024 - 09:57:04: INFO: ------------------------------SETUP------------------------------
26-07-2024 - 09:57:27: INFO: ----------TESTING add asset to cart and verify presence STARTED----------
26-07-2024 - 09:57:27: INFO: Logged in with email: zedanzedanzezob@gmail.com
26-07-2024 - 09:57:29: INFO: Clicked on asset at index 2
26-07-2024 - 09:57:31: INFO: Click on Add to cart icon
26-07-2024 - 09:57:34: INFO: View cart
26-07-2024 - 09:57:34: INFO: --------------------------TEST COMPLETED---------------------------


26-07-2024 - 09:57:34: INFO: ------------------------------SETUP------------------------------
26-07-2024 - 09:57:38: INFO: ------------------------------SETUP------------------------------
26-07-2024 - 09:57:40: INFO: ------------------------------SETUP------------------------------
26-07-2024 - 09:57:41: INFO: ------------------------------SETUP------------------------------
26-07-2024 - 09:57:42: INFO: ------------------------------SETUP------------------------------
26-07-2024 - 09:57:43: INFO: ------------------------------SETUP------------------------------
26-07-2024 - 09:57:44: INFO: ------------------------------SETUP------------------------------
26-07-2024 - 09:57:47: INFO: ------------------------------SETUP------------------------------
26-07-2024 - 09:57:48: INFO: ------------------------------SETUP------------------------------
